Oct 25 23:59:59 gw pppd[99999]: Sent 33554432 bytes, received 545259520 bytes.
Oct 26 23:59:59 gw pppd[99999]: Sent 58720256 bytes, received 1468006400 bytes.
Oct 27 23:59:59 gw pppd[99999]: Sent 97517568 bytes, received 2726297600 bytes.
Oct 30 23:59:59 gw pppd[99999]: Sent 17825792 bytes, received 326107136 bytes.
Nov  1 23:59:59 gw pppd[99999]: Sent 13631488 bytes, received 87031808 bytes.
Nov  2 23:59:59 gw pppd[99999]: Sent 11534336 bytes, received 361758720 bytes.
Nov  6 23:59:59 gw pppd[99999]: Sent 10485760 bytes, received 62914560 bytes.
Nov  7 23:59:59 gw pppd[99999]: Sent 16777216 bytes, received 248512512 bytes.
Nov 10 23:59:59 gw pppd[99999]: Sent 18874368 bytes, received 360710144 bytes.
Nov 11 23:59:59 gw pppd[99999]: Sent 18874368 bytes, received 173015040 bytes.
Nov 12 23:59:59 gw pppd[99999]: Sent 16777216 bytes, received 214958080 bytes.
Nov 13 23:59:59 gw pppd[99999]: Sent 11534336 bytes, received 111149056 bytes.
Nov 14 23:59:59 gw pppd[99999]: Sent 15728640 bytes, received 174063616 bytes.
Nov 15 23:59:59 gw pppd[99999]: Sent 16777216 bytes, received 267386880 bytes.
Nov 16 23:59:59 gw pppd[99999]: Sent 3145728 bytes, received 56623104 bytes.
Nov 17 23:59:59 gw pppd[99999]: Sent 15728640 bytes, received 359661568 bytes.
Nov 18 23:59:59 gw pppd[99999]: Sent 6291456 bytes, received 57671680 bytes.
Nov 19 23:59:59 gw pppd[99999]: Sent 14680064 bytes, received 132120576 bytes.
Nov 20 23:59:59 gw pppd[99999]: Sent 19922944 bytes, received 145752064 bytes.
Nov 21 23:59:59 gw pppd[99999]: Sent 12582912 bytes, received 137363456 bytes.
Nov 22 23:59:59 gw pppd[99999]: Sent 16777216 bytes, received 186646528 bytes.
Nov 24 23:59:59 gw pppd[99999]: Sent 16777216 bytes, received 89128960 bytes.
Nov 25 23:59:59 gw pppd[99999]: Sent 12582912 bytes, received 100663296 bytes.
Nov 26 23:59:59 gw pppd[99999]: Sent 20971520 bytes, received 209715200 bytes.
Dec  7 23:59:59 gw pppd[99999]: Sent 14680064 bytes, received 391118848 bytes.
Dec 29 23:59:59 gw pppd[99999]: Sent 25165824 bytes, received 482344960 bytes.
Dec 30 23:59:59 gw pppd[99999]: Sent 12582912 bytes, received 246415360 bytes.
Dec 31 23:59:59 gw pppd[99999]: Sent 31457280 bytes, received 188743680 bytes.
