Oct 25 23:59:59 gw pppd[99999]: Sent 33554432 bytes, received 545259520 bytes.
Oct 26 23:59:59 gw pppd[99999]: Sent 58720256 bytes, received 1468006400 bytes.
Oct 27 23:59:59 gw pppd[99999]: Sent 97517568 bytes, received 2726297600 bytes.
Oct 30 23:59:59 gw pppd[99999]: Sent 17825792 bytes, received 326107136 bytes.
Nov  1 23:59:59 gw pppd[99999]: Sent 13631488 bytes, received 87031808 bytes.
Nov  2 23:59:59 gw pppd[99999]: Sent 11534336 bytes, received 361758720 bytes.
Nov  6 23:59:59 gw pppd[99999]: Sent 10485760 bytes, received 62914560 bytes.
Nov  7 23:59:59 gw pppd[99999]: Sent 16777216 bytes, received 248512512 bytes.
Nov 10 23:59:59 gw pppd[99999]: Sent 18874368 bytes, received 360710144 bytes.
Nov 11 23:59:59 gw pppd[99999]: Sent 18874368 bytes, received 173015040 bytes.
Nov 12 23:59:59 gw pppd[99999]: Sent 16777216 bytes, received 214958080 bytes.
Nov 13 23:59:59 gw pppd[99999]: Sent 11534336 bytes, received 111149056 bytes.
Nov 14 23:59:59 gw pppd[99999]: Sent 15728640 bytes, received 174063616 bytes.
Nov 15 23:59:59 gw pppd[99999]: Sent 16777216 bytes, received 267386880 bytes.
Nov 16 23:59:59 gw pppd[99999]: Sent 3145728 bytes, received 56623104 bytes.
Nov 17 23:59:59 gw pppd[99999]: Sent 15728640 bytes, received 359661568 bytes.
Nov 18 23:59:59 gw pppd[99999]: Sent 6291456 bytes, received 57671680 bytes.
Nov 19 23:59:59 gw pppd[99999]: Sent 14680064 bytes, received 132120576 bytes.
Nov 20 23:59:59 gw pppd[99999]: Sent 19922944 bytes, received 145752064 bytes.
Nov 21 23:59:59 gw pppd[99999]: Sent 12582912 bytes, received 137363456 bytes.
Nov 22 23:59:59 gw pppd[99999]: Sent 16777216 bytes, received 186646528 bytes.
Nov 24 23:59:59 gw pppd[99999]: Sent 16777216 bytes, received 89128960 bytes.
Nov 25 23:59:59 gw pppd[99999]: Sent 12582912 bytes, received 100663296 bytes.
Nov 26 23:59:59 gw pppd[99999]: Sent 20971520 bytes, received 209715200 bytes.
Dec  7 23:59:59 gw pppd[99999]: Sent 14680064 bytes, received 391118848 bytes.
Dec 29 23:59:59 gw pppd[99999]: Sent 25165824 bytes, received 482344960 bytes.
Dec 30 23:59:59 gw pppd[99999]: Sent 12582912 bytes, received 246415360 bytes.
Dec 31 23:59:59 gw pppd[99999]: Sent 31457280 bytes, received 188743680 bytes.
May 13 10:40:32 milou pppd[4457]: Sent 18901693 bytes, received 180278618 bytes.
May 14 11:00:06 milou pppd[4457]: Sent 32166717 bytes, received 320608089 bytes.
May 15 11:00:42 milou pppd[4457]: Sent 48053395 bytes, received 433630353 bytes.
May 16 11:01:19 milou pppd[4457]: Sent 60628220 bytes, received 508038305 bytes.
May 17 11:02:09 milou pppd[4457]: Sent 85465257 bytes, received 633614296 bytes.
May 17 23:40:04 milou pppd[4457]: Sent 104681198 bytes, received 831052288 bytes.
May 18 01:56:35 milou pppd[11411]: Sent 1273749 bytes, received 22554568 bytes.
May 18 23:48:44 milou pppd[22690]: Sent 18519671 bytes, received 139446554 bytes.
May 22 05:47:15 milou pppd[24936]: Sent 1263399 bytes, received 7300119 bytes.
May 26 19:12:04 milou pppd[5415]: Sent 18970045 bytes, received 411144384 bytes.
May 27 20:00:06 milou pppd[5415]: Sent 39043930 bytes, received 591551702 bytes.
May 28 20:54:24 milou pppd[5415]: Sent 68053326 bytes, received 846388801 bytes.
May 29 20:55:37 milou pppd[5415]: Sent 78340205 bytes, received 989216047 bytes.
May 30 21:00:06 milou pppd[5415]: Sent 95359365 bytes, received 1168534393 bytes.
May 31 21:00:41 milou pppd[5415]: Sent 115689064 bytes, received 1333906806 bytes.
Jun  1 22:00:07 milou pppd[5415]: Sent 125909944 bytes, received 1421070079 bytes.
Jun  2 23:00:06 milou pppd[5415]: Sent 154665973 bytes, received 1687878193 bytes.
Jun  3 23:00:40 milou pppd[5415]: Sent 175803103 bytes, received 1850454016 bytes.
Jun  4 23:01:21 milou pppd[5415]: Sent 200193888 bytes, received 2003646701 bytes.
Jun  5 23:01:56 milou pppd[5415]: Sent 213947931 bytes, received 2150361170 bytes.
Jun  6 23:02:38 milou pppd[5415]: Sent 225232908 bytes, received 2261208510 bytes.
Jun  7 23:05:12 milou pppd[5415]: Sent 237964384 bytes, received 2321070840 bytes.
Jun  8 23:05:47 milou pppd[5415]: Sent 254849545 bytes, received 2454438463 bytes.
Jun  9 23:07:47 milou pppd[5415]: Sent 268270225 bytes, received 2537241994 bytes.
Jun 10 23:08:23 milou pppd[5415]: Sent 288779604 bytes, received 2665353189 bytes.
Jun 12 00:00:06 milou pppd[5415]: Sent 317203259 bytes, received 3093452653 bytes.
Jun 13 00:00:44 milou pppd[5415]: Sent 347518486 bytes, received 3353908788 bytes.
Jun 14 00:01:24 milou pppd[5415]: Sent 362122280 bytes, received 3434921952 bytes.
Jun 15 01:00:05 milou pppd[5415]: Sent 378696058 bytes, received 3593625825 bytes.
Jun 16 01:00:41 milou pppd[5415]: Sent 398513432 bytes, received 3727942893 bytes.
Jun 17 01:01:19 milou pppd[5415]: Sent 420434408 bytes, received 3941028983 bytes.
Jun 18 01:01:54 milou pppd[5415]: Sent 438927645 bytes, received 4192412828 bytes.
Jun 19 01:02:43 milou pppd[5415]: Sent 449362121 bytes, received 4287587430 bytes.
Jun 20 01:43:40 milou pppd[5415]: Sent 457524935 bytes, received 71106660 bytes.
Jun 21 01:44:18 milou pppd[5415]: Sent 467077431 bytes, received 182295402 bytes.
Jun 22 02:00:06 milou pppd[5415]: Sent 476369545 bytes, received 244665716 bytes.
Jun 22 05:29:53 milou pppd[5415]: Sent 476373413 bytes, received 244706428 bytes.
Jun 22 07:08:08 milou pppd[5415]: Sent 476374279 bytes, received 244707790 bytes.
Jun 23 08:00:06 milou pppd[5415]: Sent 533704316 bytes, received 306261735 bytes.
Jun 24 09:00:06 milou pppd[5415]: Sent 554331539 bytes, received 408430606 bytes.
Jun 25 09:32:37 milou pppd[5415]: Sent 590555415 bytes, received 1546588931 bytes.
Jun 26 10:00:06 milou pppd[5415]: Sent 596093737 bytes, received 1555965710 bytes.
Jun 27 11:00:06 milou pppd[5415]: Sent 596505077 bytes, received 1559988439 bytes.
Jun 29 13:22:30 milou pppd[20561]: Sent 20181653 bytes, received 195210024 bytes.
Jun 30 13:23:07 milou pppd[20561]: Sent 40148853 bytes, received 375433260 bytes.
Jun 30 21:26:38 milou pppd[20561]: Sent 49162636 bytes, received 453340007 bytes.
Jun 30 21:27:24 milou pppd[8060]: Sent 326 bytes, received 154 bytes.
Jun 30 22:38:21 milou pppd[26732]: Sent 446432 bytes, received 1140538 bytes.
Jul  1 21:41:07 milou pppd[4174]: Sent 14269705 bytes, received 108136774 bytes.
Jul  1 21:45:55 milou pppd[4174]: Sent 14269705 bytes, received 108136774 bytes.
Jul  3 10:50:43 milou pppd[27609]: Sent 18890775 bytes, received 94299024 bytes.
Jul  4 11:00:06 milou pppd[27609]: Sent 39857933 bytes, received 248615629 bytes.
Jul  5 11:16:45 milou pppd[27609]: Sent 47539515 bytes, received 278864190 bytes.
Jul  6 12:00:06 milou pppd[27609]: Sent 59438119 bytes, received 366202586 bytes.
Jul  7 12:00:41 milou pppd[27609]: Sent 82043899 bytes, received 668853020 bytes.
Jul  8 11:39:23 milou pppd[27609]: Sent 92153333 bytes, received 722581644 bytes.
Jul  9 11:39:59 milou pppd[27609]: Sent 107345226 bytes, received 847542579 bytes.
Jul 10 11:46:24 milou pppd[27609]: Sent 124095219 bytes, received 927357951 bytes.
Jul 11 12:00:05 milou pppd[27609]: Sent 134357490 bytes, received 1032934918 bytes.
Jul 12 12:49:36 milou pppd[27609]: Sent 150209302 bytes, received 1156402980 bytes.
Jul 13 13:00:05 milou pppd[27609]: Sent 167588830 bytes, received 1452875409 bytes.
Jul 14 13:00:40 milou pppd[27609]: Sent 186101952 bytes, received 1625718201 bytes.
Jul 15 14:00:06 milou pppd[27609]: Sent 213537215 bytes, received 2096727055 bytes.
Jul 16 14:09:27 milou pppd[27609]: Sent 229461227 bytes, received 2344341542 bytes.
Jul 17 15:00:06 milou pppd[27609]: Sent 240544001 bytes, received 2424253907 bytes.
Jul 18 16:00:06 milou pppd[27609]: Sent 257827323 bytes, received 2667100222 bytes.
Jul 19 16:10:40 milou pppd[27609]: Sent 271900625 bytes, received 2858201493 bytes.
Jul 20 02:16:28 milou pppd[27609]: Sent 278940728 bytes, received 2887555016 bytes.
Jul 21 03:00:06 milou pppd[27609]: Sent 285852182 bytes, received 2916603817 bytes.
Jul 24 13:18:53 milou pppd[21470]: Sent 20675854 bytes, received 146476084 bytes.
Jul 25 13:19:31 milou pppd[21470]: Sent 27212559 bytes, received 208984154 bytes.
Jul 26 13:20:18 milou pppd[21470]: Sent 47487136 bytes, received 431415616 bytes.
Jul 27 13:20:58 milou pppd[21470]: Sent 57576163 bytes, received 489307670 bytes.
Jul 28 13:21:42 milou pppd[21470]: Sent 77231124 bytes, received 659266090 bytes.
Jul 29 01:27:02 milou pppd[21470]: Sent 92271539 bytes, received 803218184 bytes.
Jul 29 02:01:07 milou pppd[21470]: Sent 92271539 bytes, received 803218184 bytes.
Jul 30 03:00:05 milou pppd[21470]: Sent 105941766 bytes, received 937956497 bytes.
Jul 31 04:00:05 milou pppd[21470]: Sent 130392276 bytes, received 1032992835 bytes.
Aug  1 05:00:06 milou pppd[21470]: Sent 144859000 bytes, received 1120128193 bytes.
Aug  2 06:00:06 milou pppd[21470]: Sent 154117857 bytes, received 1343771162 bytes.
Aug  3 07:00:05 milou pppd[21470]: Sent 169745499 bytes, received 1518704659 bytes.
Aug  4 08:00:06 milou pppd[21470]: Sent 194939383 bytes, received 2414937244 bytes.
Aug  5 09:00:05 milou pppd[21470]: Sent 227224342 bytes, received 3506059336 bytes.
Aug  6 09:01:06 milou pppd[21470]: Sent 240068437 bytes, received 3626459148 bytes.
Aug  7 09:19:44 milou pppd[21470]: Sent 253836591 bytes, received 3752877074 bytes.
Aug  8 09:28:23 milou pppd[21470]: Sent 272848189 bytes, received 3856662986 bytes.
Aug  9 10:00:06 milou pppd[21470]: Sent 292256616 bytes, received 4036649629 bytes.
Aug 10 10:00:44 milou pppd[21470]: Sent 304780525 bytes, received 4113905375 bytes.
Aug 11 11:00:05 milou pppd[21470]: Sent 333910960 bytes, received 55787507 bytes.
Aug 12 11:00:55 milou pppd[21470]: Sent 389834306 bytes, received 513165051 bytes.
Aug 13 12:00:06 milou pppd[21470]: Sent 399562204 bytes, received 635250329 bytes.
Aug 14 12:00:53 milou pppd[21470]: Sent 422027659 bytes, received 911943564 bytes.
Aug 15 12:01:32 milou pppd[21470]: Sent 430898319 bytes, received 959904894 bytes.
Aug 16 12:37:23 milou pppd[21470]: Sent 449483312 bytes, received 1105713352 bytes.
Aug 17 12:40:33 milou pppd[21470]: Sent 467774948 bytes, received 1233979720 bytes.
Aug 18 13:00:06 milou pppd[21470]: Sent 492749198 bytes, received 1822466978 bytes.
Aug 19 13:00:44 milou pppd[21470]: Sent 507133666 bytes, received 1931156442 bytes.
Aug 20 13:12:14 milou pppd[21470]: Sent 517023073 bytes, received 2030706171 bytes.
Aug 21 14:00:06 milou pppd[21470]: Sent 522680380 bytes, received 2081669237 bytes.
Aug 22 15:00:06 milou pppd[21470]: Sent 522757510 bytes, received 2082240440 bytes.
Aug 23 16:00:05 milou pppd[21470]: Sent 522828481 bytes, received 2082792569 bytes.
Aug 24 17:00:06 milou pppd[21470]: Sent 522959691 bytes, received 2083487323 bytes.
Aug 25 18:00:05 milou pppd[21470]: Sent 523043947 bytes, received 2083845709 bytes.
Aug 26 19:00:05 milou pppd[21470]: Sent 614785120 bytes, received 2425936985 bytes.
Aug 27 13:36:11 milou pppd[21470]: Sent 640186764 bytes, received 2518710160 bytes.
Aug 28 13:36:52 milou pppd[21470]: Sent 654932904 bytes, received 2710286507 bytes.
Aug 29 13:37:31 milou pppd[21470]: Sent 665319798 bytes, received 2805986277 bytes.
Aug 30 14:00:06 milou pppd[21470]: Sent 696306034 bytes, received 3322852731 bytes.
Aug 30 23:00:39 milou pppd[21470]: Sent 772373140 bytes, received 112002070 bytes.
Aug 31 23:01:15 milou pppd[21470]: Sent 786280283 bytes, received 196466913 bytes.
Sep  1 23:01:52 milou pppd[21470]: Sent 810464304 bytes, received 645392569 bytes.
Sep  2 23:02:28 milou pppd[21470]: Sent 837968403 bytes, received 851435785 bytes.
Sep  4 00:00:06 milou pppd[21470]: Sent 856194657 bytes, received 1024525776 bytes.
Sep  5 00:01:06 milou pppd[21470]: Sent 872659087 bytes, received 1191387300 bytes.
Sep  6 00:01:41 milou pppd[21470]: Sent 913725402 bytes, received 1970954100 bytes.
Sep  7 00:05:05 milou pppd[21470]: Sent 950847552 bytes, received 2864365226 bytes.
Sep  8 01:00:06 milou pppd[21470]: Sent 1014561325 bytes, received 3668264807 bytes.
Sep  9 01:00:42 milou pppd[21470]: Sent 1045701703 bytes, received 4082604382 bytes.
Sep  9 02:10:42 milou pppd[21470]: Sent 1046849748 bytes, received 4088648582 bytes.
Sep 10 03:00:05 milou pppd[21470]: Sent 1071771753 bytes, received 91592949 bytes.
Sep 11 04:00:06 milou pppd[21470]: Sent 1082721256 bytes, received 193077903 bytes.
Sep 12 05:00:05 milou pppd[21470]: Sent 1108144787 bytes, received 368006780 bytes.
Sep 13 05:00:41 milou pppd[21470]: Sent 1131904262 bytes, received 760933062 bytes.
Sep 14 06:00:06 milou pppd[21470]: Sent 1151359226 bytes, received 869064010 bytes.
Sep 15 07:00:06 milou pppd[21470]: Sent 1171779262 bytes, received 1069763657 bytes.
Sep 16 08:00:06 milou pppd[21470]: Sent 1192001004 bytes, received 1336091890 bytes.
Sep 17 00:34:55 milou pppd[21470]: Sent 1271875357 bytes, received 2051662229 bytes.
Sep 18 01:00:06 milou pppd[21470]: Sent 1290285715 bytes, received 2355270938 bytes.
Sep 19 01:00:41 milou pppd[21470]: Sent 1304643601 bytes, received 2729106519 bytes.
Sep 20 02:00:05 milou pppd[21470]: Sent 1323889766 bytes, received 2904613459 bytes.
Sep 21 02:01:07 milou pppd[21470]: Sent 1340612429 bytes, received 3075841367 bytes.
Sep 22 02:01:45 milou pppd[21470]: Sent 1368906329 bytes, received 3266854140 bytes.
Sep 23 02:05:08 milou pppd[21470]: Sent 1394938037 bytes, received 3509649033 bytes.
Sep 24 02:05:56 milou pppd[21470]: Sent 1426909757 bytes, received 142898812 bytes.
Sep 25 02:06:31 milou pppd[21470]: Sent 1455431169 bytes, received 769595739 bytes.
Sep 26 02:09:13 milou pppd[21470]: Sent 1467725544 bytes, received 938762631 bytes.
Sep 27 03:00:06 milou pppd[21470]: Sent 1486092054 bytes, received 1298057645 bytes.
Sep 28 04:00:05 milou pppd[21470]: Sent 1497838238 bytes, received 1526291621 bytes.
Sep 29 05:00:06 milou pppd[21470]: Sent 1568165087 bytes, received 2790513789 bytes.
Sep 30 06:00:06 milou pppd[21470]: Sent 1590345516 bytes, received 3448163722 bytes.
Oct  1 07:00:06 milou pppd[21470]: Sent 1617408029 bytes, received 3862321713 bytes.
Oct  2 08:00:05 milou pppd[21470]: Sent 1623910724 bytes, received 3894462738 bytes.
Oct  3 09:00:06 milou pppd[21470]: Sent 1642154798 bytes, received 4066021611 bytes.
Oct  4 10:00:05 milou pppd[21470]: Sent 1656343216 bytes, received 4228384801 bytes.
Oct  5 11:00:06 milou pppd[21470]: Sent 1672720046 bytes, received 110495503 bytes.
Oct  6 11:35:42 milou pppd[21470]: Sent 1695433866 bytes, received 343356648 bytes.
Oct  7 02:32:33 milou pppd[21470]: Sent 1716722452 bytes, received 591716933 bytes.
Oct  7 23:14:36 milou pppd[21470]: Sent 1743373057 bytes, received 772471763 bytes.
Oct  8 23:15:21 milou pppd[14367]: Sent 17626204 bytes, received 307572978 bytes.
Oct  9 17:13:20 milou pppd[14367]: Sent 41131570 bytes, received 388758020 bytes.
Oct  9 17:17:18 milou pppd[4732]: Sent 20159 bytes, received 502226 bytes.
Oct 10 22:01:24 milou pppd[13195]: Sent 21785887 bytes, received 108155151 bytes.
Oct 11 22:02:01 milou pppd[13195]: Sent 69171950 bytes, received 860319324 bytes.
Oct 12 23:00:06 milou pppd[13195]: Sent 91125518 bytes, received 1133090024 bytes.
Oct 13 02:03:11 milou pppd[13195]: Sent 92738107 bytes, received 1141915330 bytes.
Oct 13 02:09:22 milou pppd[13195]: Sent 92738107 bytes, received 1141915330 bytes.
Oct 13 02:13:13 milou pppd[13195]: Sent 92738107 bytes, received 1141915330 bytes.
Oct 13 02:14:13 milou pppd[13195]: Sent 92738107 bytes, received 1141915330 bytes.
Oct 13 02:15:36 milou pppd[13195]: Sent 92738107 bytes, received 1141915330 bytes.
Oct 13 02:16:34 milou pppd[13195]: Sent 92738107 bytes, received 1141915330 bytes.
Oct 13 02:17:32 milou pppd[13195]: Sent 92738107 bytes, received 1141915330 bytes.
Oct 13 02:18:26 milou pppd[13195]: Sent 92738107 bytes, received 1141915330 bytes.
Oct 13 15:22:32 milou pppd[886]: Sent 7656436 bytes, received 129148161 bytes.
Jan  1 00:20:58 milou pppd[5567]: Sent 56216 bytes, received 375511 bytes.
Oct 13 19:26:10 milou pppd[16908]: Sent 3793550 bytes, received 15424227 bytes.
Oct 13 20:11:43 milou pppd[22382]: Sent 205906 bytes, received 270217 bytes.
Oct 15 19:42:35 milou pppd[27345]: Sent 23363830 bytes, received 166207440 bytes.
Oct 16 19:43:51 milou pppd[27345]: Sent 45063253 bytes, received 462306469 bytes.
Oct 17 19:44:57 milou pppd[27345]: Sent 60040554 bytes, received 646532189 bytes.
Oct 18 19:45:33 milou pppd[27345]: Sent 79579429 bytes, received 894194071 bytes.
Oct 19 19:46:09 milou pppd[27345]: Sent 102890782 bytes, received 1111744678 bytes.
Oct 20 00:42:36 milou pppd[27345]: Sent 112572187 bytes, received 1269901860 bytes.
Oct 20 00:46:54 milou pppd[27345]: Sent 112572187 bytes, received 1269901860 bytes.
Oct 21 00:48:11 milou pppd[27345]: Sent 134907281 bytes, received 1356991854 bytes.
Oct 22 00:49:14 milou pppd[27345]: Sent 184960661 bytes, received 1656930826 bytes.
Oct 23 00:49:49 milou pppd[27345]: Sent 213520157 bytes, received 1871769186 bytes.
Oct 24 01:39:51 milou pppd[6258]: Sent 32845166 bytes, received 289418499 bytes.
Oct 25 01:40:26 milou pppd[6258]: Sent 55535453 bytes, received 487781198 bytes.
Oct 25 19:22:49 milou pppd[6258]: Sent 67646262 bytes, received 570647826 bytes.
Oct 26 19:23:03 milou pppd[19621]: Sent 20578575 bytes, received 191043306 bytes.
Oct 27 19:23:47 milou pppd[19621]: Sent 48260625 bytes, received 414392626 bytes.
Oct 28 19:24:23 milou pppd[19621]: Sent 80523131 bytes, received 620589750 bytes.
Oct 29 19:25:06 milou pppd[19621]: Sent 108665437 bytes, received 907667140 bytes.
Oct 30 19:25:44 milou pppd[19621]: Sent 144204950 bytes, received 1279882294 bytes.
Oct 31 19:26:37 milou pppd[19621]: Sent 164519186 bytes, received 1469053792 bytes.
Nov  1 19:27:40 milou pppd[19621]: Sent 186250654 bytes, received 1587755440 bytes.
Nov  2 19:28:44 milou pppd[19621]: Sent 223230534 bytes, received 1964827971 bytes.
Nov  3 05:02:00 milou pppd[19621]: Sent 233401631 bytes, received 2043361820 bytes.
Nov  3 05:07:20 milou pppd[19621]: Sent 233401631 bytes, received 2043361820 bytes.
Nov  3 06:54:29 milou pppd[19621]: Sent 233452233 bytes, received 2043405706 bytes.
Nov  4 04:23:02 milou pppd[19621]: Sent 259792315 bytes, received 2254168863 bytes.
Nov  5 07:15:17 milou pppd[2213]: Sent 9590873 bytes, received 62094332 bytes.
Nov  6 07:15:57 milou pppd[2213]: Sent 205041723 bytes, received 1004586983 bytes.
Nov  7 07:17:04 milou pppd[2213]: Sent 235257962 bytes, received 1231167731 bytes.
Nov  8 01:07:20 milou pppd[2213]: Sent 261320765 bytes, received 1401941624 bytes.
Nov  9 01:14:09 milou pppd[2213]: Sent 289202818 bytes, received 1536051078 bytes.
Nov 10 01:15:12 milou pppd[2213]: Sent 303461278 bytes, received 1709125574 bytes.
Nov 11 01:16:17 milou pppd[2213]: Sent 323170311 bytes, received 1885580789 bytes.
Nov 12 01:17:19 milou pppd[2213]: Sent 341739877 bytes, received 2041849146 bytes.
Nov 13 01:18:22 milou pppd[2213]: Sent 344647875 bytes, received 2074773934 bytes.
Nov 14 01:19:27 milou pppd[2213]: Sent 373761704 bytes, received 2323861047 bytes.
Nov 15 01:20:05 milou pppd[2213]: Sent 404160924 bytes, received 2477726441 bytes.
Nov 16 01:20:46 milou pppd[2213]: Sent 436084853 bytes, received 2714879274 bytes.
Nov 17 01:21:37 milou pppd[2213]: Sent 451084654 bytes, received 2778482488 bytes.
Nov 18 01:22:42 milou pppd[2213]: Sent 479172618 bytes, received 3113823272 bytes.
Nov 19 01:23:45 milou pppd[2213]: Sent 504640297 bytes, received 3288724788 bytes.
Nov 20 01:24:48 milou pppd[2213]: Sent 527637433 bytes, received 3439601450 bytes.
Nov 20 19:49:47 milou pppd[2213]: Sent 528361086 bytes, received 3440304705 bytes.
Nov 21 20:01:31 milou pppd[1727]: Sent 24691033 bytes, received 175432627 bytes.
Nov 22 08:36:00 milou pppd[1727]: Sent 41183539 bytes, received 294793528 bytes.
Nov 22 23:49:25 milou pppd[24721]: Sent 24862606 bytes, received 191276281 bytes.
Nov 24 00:45:03 milou pppd[9823]: Sent 68145653 bytes, received 207424764 bytes.
Nov 24 21:37:35 milou pppd[9823]: Sent 91776540 bytes, received 317716624 bytes.
Nov 26 19:30:19 milou pppd[25459]: Sent 24909666 bytes, received 111903433 bytes.
Nov 27 19:31:01 milou pppd[25459]: Sent 44966903 bytes, received 212358901 bytes.
Nov 28 19:31:35 milou pppd[25459]: Sent 61754245 bytes, received 309104672 bytes.
Nov 29 19:32:44 milou pppd[25459]: Sent 80687296 bytes, received 468221736 bytes.
Nov 30 19:33:21 milou pppd[25459]: Sent 100604076 bytes, received 571346012 bytes.
Dec  1 19:34:53 milou pppd[25459]: Sent 131869295 bytes, received 1021787145 bytes.
Dec 25 02:29:29 milou pppd[19421]: Sent 29608483 bytes, received 221821139 bytes.
Dec 26 02:30:04 milou pppd[19421]: Sent 51005721 bytes, received 344866674 bytes.
Dec 27 02:31:00 milou pppd[19421]: Sent 80923181 bytes, received 586401952 bytes.
Dec 28 02:32:22 milou pppd[19421]: Sent 105123578 bytes, received 809348263 bytes.
Dec 29 02:33:27 milou pppd[19421]: Sent 136203400 bytes, received 1026072886 bytes.
Dec 30 02:34:34 milou pppd[19421]: Sent 165421367 bytes, received 1280552777 bytes.
Dec 31 02:35:39 milou pppd[19421]: Sent 185078258 bytes, received 1360101262 bytes.
Jan  1 02:36:13 milou pppd[19421]: Sent 198041080 bytes, received 1574443597 bytes.
Jan  2 02:37:41 milou pppd[19421]: Sent 217591087 bytes, received 1758394129 bytes.
Jan  3 02:38:46 milou pppd[19421]: Sent 240549390 bytes, received 2084622203 bytes.
Jan  4 02:39:51 milou pppd[19421]: Sent 541200611 bytes, received 2982570136 bytes.
Jan  5 02:40:56 milou pppd[19421]: Sent 812686604 bytes, received 3109944885 bytes.
Jan  6 02:41:59 milou pppd[19421]: Sent 849278617 bytes, received 3268793909 bytes.
Jan  7 02:42:34 milou pppd[19421]: Sent 901666124 bytes, received 64968137 bytes.
Jan 19 15:14:56 milou pppd[23372]: Sent 7192903 bytes, received 56281250 bytes.
Jan 20 15:15:14 milou pppd[29541]: Sent 20191995 bytes, received 167850744 bytes.
Jan 21 15:16:43 milou pppd[29541]: Sent 41074761 bytes, received 464588919 bytes.
Jan 22 15:17:20 milou pppd[29541]: Sent 67120456 bytes, received 720655594 bytes.
Jan 23 15:18:50 milou pppd[29541]: Sent 79917876 bytes, received 796059624 bytes.
Jan 24 15:19:41 milou pppd[29541]: Sent 93120348 bytes, received 922371649 bytes.
Jan 25 15:20:45 milou pppd[29541]: Sent 103941965 bytes, received 1006358408 bytes.
Jan 26 15:21:21 milou pppd[29541]: Sent 120857785 bytes, received 1183174904 bytes.
Jan 27 15:22:51 milou pppd[29541]: Sent 127314259 bytes, received 1238200877 bytes.
Feb 26 14:56:35 milou pppd[4325]: Sent 372641018 bytes, received 3348962262 bytes.
Feb 26 21:06:59 milou pppd[4325]: Sent 384370505 bytes, received 3462824791 bytes.
Feb 26 21:08:39 milou pppd[4325]: Sent 384370505 bytes, received 3462824791 bytes.
Feb 27 21:13:20 milou pppd[28188]: Sent 27556111 bytes, received 158088810 bytes.
Feb 28 21:14:22 milou pppd[28188]: Sent 45972980 bytes, received 293038893 bytes.
Mar  1 21:15:25 milou pppd[28188]: Sent 68926276 bytes, received 437093870 bytes.
Mar  2 21:16:28 milou pppd[28188]: Sent 104312542 bytes, received 527961068 bytes.
Mar  3 21:17:05 milou pppd[28188]: Sent 138623618 bytes, received 727603683 bytes.
Mar  4 21:18:36 milou pppd[28188]: Sent 159736929 bytes, received 829048730 bytes.
Mar  5 00:05:37 milou pppd[28188]: Sent 163159469 bytes, received 850275730 bytes.
Mar  6 00:06:16 milou pppd[28188]: Sent 188106977 bytes, received 1024074690 bytes.
Mar  7 00:07:42 milou pppd[28188]: Sent 201687826 bytes, received 1105800754 bytes.
Mar  8 00:08:46 milou pppd[28188]: Sent 228720672 bytes, received 1331381325 bytes.
Mar  9 00:09:49 milou pppd[28188]: Sent 248156511 bytes, received 1419946008 bytes.
Mar 19 00:18:16 milou pppd[28188]: Sent 497033670 bytes, received 2841996216 bytes.
Mar 20 00:19:16 milou pppd[28188]: Sent 534314983 bytes, received 3044071908 bytes.
Mar 21 00:20:25 milou pppd[28188]: Sent 535006231 bytes, received 3044722668 bytes.
Mar 22 00:21:28 milou pppd[28188]: Sent 564446156 bytes, received 3597022117 bytes.
Mar 23 00:22:09 milou pppd[28188]: Sent 573600286 bytes, received 3666916733 bytes.
Mar 24 00:23:35 milou pppd[28188]: Sent 594586787 bytes, received 3858419818 bytes.
Mar 25 00:24:38 milou pppd[28188]: Sent 615756781 bytes, received 4011865020 bytes.
Mar 26 00:25:13 milou pppd[28188]: Sent 648617006 bytes, received 4276686082 bytes.
Mar 27 00:26:45 milou pppd[28188]: Sent 675671599 bytes, received 248305030 bytes.
Mar 28 00:27:50 milou pppd[28188]: Sent 691017736 bytes, received 311571330 bytes.
Apr 23 01:44:37 milou pppd[32383]: Sent 86138611 bytes, received 655808082 bytes.
Apr 24 01:45:12 milou pppd[32383]: Sent 99059131 bytes, received 703768051 bytes.
Apr 25 01:46:43 milou pppd[32383]: Sent 126583138 bytes, received 923264261 bytes.
Apr 26 01:47:49 milou pppd[32383]: Sent 154662071 bytes, received 1102213549 bytes.
Apr 27 01:48:52 milou pppd[32383]: Sent 185317581 bytes, received 1702023724 bytes.
Apr 28 01:49:27 milou pppd[32383]: Sent 203429079 bytes, received 1788839039 bytes.
Apr 29 01:50:59 milou pppd[32383]: Sent 224236352 bytes, received 1942881487 bytes.
Apr 30 01:52:04 milou pppd[32383]: Sent 261905931 bytes, received 2235462362 bytes.
May  1 01:53:10 milou pppd[32383]: Sent 271391455 bytes, received 2447648237 bytes.
May  2 01:54:16 milou pppd[32383]: Sent 285905387 bytes, received 2737960421 bytes.
May  3 01:55:23 milou pppd[32383]: Sent 315435091 bytes, received 3025980016 bytes.
May  4 01:56:31 milou pppd[32383]: Sent 338965730 bytes, received 3294710738 bytes.
May  5 01:57:05 milou pppd[32383]: Sent 361380165 bytes, received 3576295202 bytes.
May  6 01:58:39 milou pppd[32383]: Sent 384189782 bytes, received 3757374206 bytes.
May  7 01:59:42 milou pppd[32383]: Sent 398971026 bytes, received 3846003993 bytes.
May  8 02:00:17 milou pppd[32383]: Sent 432686568 bytes, received 3998677361 bytes.
May  9 02:01:47 milou pppd[32383]: Sent 449298596 bytes, received 4114376665 bytes.
May 10 02:02:50 milou pppd[32383]: Sent 484550312 bytes, received 73836015 bytes.
May 11 02:03:52 milou pppd[32383]: Sent 496401106 bytes, received 157172595 bytes.
May 12 02:04:56 milou pppd[32383]: Sent 504051791 bytes, received 234629192 bytes.
May 13 02:05:59 milou pppd[32383]: Sent 514963105 bytes, received 299359296 bytes.
May 14 02:07:03 milou pppd[32383]: Sent 531045996 bytes, received 500726218 bytes.
May 15 02:08:06 milou pppd[32383]: Sent 542402714 bytes, received 573962492 bytes.
May 28 18:15:35 milou pppd[19421]: Sent 21846534 bytes, received 336486288 bytes.
May 29 18:16:58 milou pppd[19421]: Sent 29661425 bytes, received 466956090 bytes.
May 30 18:18:07 milou pppd[19421]: Sent 38408780 bytes, received 582873026 bytes.
May 31 18:19:18 milou pppd[19421]: Sent 46084696 bytes, received 686372580 bytes.
Jun  1 18:20:23 milou pppd[19421]: Sent 71908762 bytes, received 1607731617 bytes.
Jun  2 18:21:05 milou pppd[19421]: Sent 97086317 bytes, received 1842810482 bytes.
Jun  3 18:21:39 milou pppd[19421]: Sent 110509911 bytes, received 2295185669 bytes.
